<?xml version="1.0" encoding="UTF-8"?>
<robot generator="Robot 7.3.1 (Python 3.13.2 on win32)" generated="2025-06-25T10:49:58.314933" rpa="false" schemaversion="5">
<suite id="s1" name="Login Keywords" source="c:\Users\andri\OneDrive\Documentos\Projetos\saucedemo\resources\login_keywords.robot">
<test id="s1-t1" name="Login com credenciais válidas" line="18">
<kw name="Abrir o navegador e acessar o site">
<kw name="Set Selenium Speed" owner="SeleniumLibrary">
<arg>0.5s</arg>
<doc>Sets the delay that is waited after each Selenium command.</doc>
<status status="PASS" start="2025-06-25T10:49:58.489455" elapsed="0.000265"/>
</kw>
<kw name="Open Browser" owner="SeleniumLibrary">
<msg time="2025-06-25T10:49:58.490132" level="INFO">Opening browser 'edge' to base url 'https://www.saucedemo.com/v1'.</msg>
<arg>${URL}</arg>
<arg>edge</arg>
<doc>Opens a new browser instance to the optional ``url``.</doc>
<status status="PASS" start="2025-06-25T10:49:58.489911" elapsed="2.557681"/>
</kw>
<kw name="Maximize Browser Window" owner="SeleniumLibrary">
<doc>Maximizes current browser window.</doc>
<status status="PASS" start="2025-06-25T10:50:01.048033" elapsed="0.530890"/>
</kw>
<kw name="Wait Until Page Contains Element" owner="SeleniumLibrary">
<arg>id:login-button</arg>
<doc>Waits until the element ``locator`` appears on the current page.</doc>
<status status="PASS" start="2025-06-25T10:50:01.579225" elapsed="0.510380"/>
</kw>
<status status="PASS" start="2025-06-25T10:49:58.488806" elapsed="3.601087"/>
</kw>
<kw name="Realizar login com usuário e senha">
<kw name="Input Text" owner="SeleniumLibrary">
<msg time="2025-06-25T10:50:02.091449" level="INFO">Typing text 'standard_user' into text field 'id:user-name'.</msg>
<arg>id:user-name</arg>
<arg>${usuario}</arg>
<doc>Types the given ``text`` into the text field identified by ``locator``.</doc>
<status status="PASS" start="2025-06-25T10:50:02.091074" elapsed="1.580144"/>
</kw>
<kw name="Input Text" owner="SeleniumLibrary">
<msg time="2025-06-25T10:50:03.671809" level="INFO">Typing text 'secret_sauce' into text field 'id:password'.</msg>
<arg>id:password</arg>
<arg>${senha}</arg>
<doc>Types the given ``text`` into the text field identified by ``locator``.</doc>
<status status="PASS" start="2025-06-25T10:50:03.671506" elapsed="1.562307"/>
</kw>
<kw name="Click Button" owner="SeleniumLibrary">
<msg time="2025-06-25T10:50:05.234363" level="INFO">Clicking button 'id:login-button'.</msg>
<arg>id:login-button</arg>
<doc>Clicks the button identified by ``locator``.</doc>
<status status="PASS" start="2025-06-25T10:50:05.234109" elapsed="1.983803"/>
</kw>
<arg>${USER_VALIDO}</arg>
<arg>${SENHA_VALIDA}</arg>
<status status="PASS" start="2025-06-25T10:50:02.090482" elapsed="5.127688"/>
</kw>
<kw name="Validar login com sucesso">
<kw name="Wait Until Page Contains Element" owner="SeleniumLibrary">
<arg>css:.inventory_list</arg>
<doc>Waits until the element ``locator`` appears on the current page.</doc>
<status status="PASS" start="2025-06-25T10:50:07.219077" elapsed="0.508491"/>
</kw>
<status status="PASS" start="2025-06-25T10:50:07.218678" elapsed="0.509133"/>
</kw>
<kw name="Close Browser" owner="SeleniumLibrary">
<doc>Closes the current browser.</doc>
<status status="PASS" start="2025-06-25T10:50:07.728219" elapsed="2.593766"/>
</kw>
<status status="PASS" start="2025-06-25T10:49:58.485839" elapsed="11.836690"/>
</test>
<doc>Keywords para testes de produtos na Saucedemo (login e logout)</doc>
<status status="PASS" start="2025-06-25T10:49:58.318386" elapsed="12.005148"/>
</suite>
<statistics>
<total>
<stat pass="1" fail="0" skip="0">All Tests</stat>
</total>
<tag>
</tag>
<suite>
<stat name="Login Keywords" id="s1" pass="1" fail="0" skip="0">Login Keywords</stat>
</suite>
</statistics>
<errors>
</errors>
</robot>
